This file contains any messages produced by compilers while
running configure, to aid debugging if configure makes a mistake.

It was created by json-c configure 0.11, which was
generated by GNU Autoconf 2.69.  Invocation command line was

  $ ./configure --prefix=/home/hcjeon/working_dir/installer/agens-sql/agens_temp/json-c --no-create --no-recursion

## --------- ##
## Platform. ##
## --------- ##

hostname = hcjeon
uname -m = x86_64
uname -r = 3.10.0-229.7.2.el7.x86_64
uname -s = Linux
uname -v = #1 SMP Tue Jun 23 22:06:11 UTC 2015

/usr/bin/uname -p = x86_64
/bin/uname -X     = unknown

/bin/arch              = x86_64
/usr/bin/arch -k       = unknown
/usr/convex/getsysinfo = unknown
/usr/bin/hostinfo      = unknown
/bin/machine           = unknown
/usr/bin/oslevel       = unknown
/bin/universe          = unknown

PATH: /home/hcjeon/working_dir/installer/agens-sql/agens_temp/pgsql/bin
PATH: /usr/lib64/qt-3.3/bin
PATH: /usr/local/bin
PATH: /usr/local/sbin
PATH: /usr/bin
PATH: /usr/sbin
PATH: /bin
PATH: /sbin
PATH: /home/hcjeon/.local/bin
PATH: /home/hcjeon/bin
PATH: /usr/texbin
PATH: /usr/lib64/qt-3.3/bin
PATH: /usr/local/bin
PATH: /usr/local/sbin
PATH: /usr/bin
PATH: /usr/sbin
PATH: /bin
PATH: /sbin


## ----------- ##
## Core tests. ##
## ----------- ##

configure:2434: checking for a BSD-compatible install
configure:2502: result: /usr/bin/install -c
configure:2513: checking whether build environment is sane
configure:2563: result: yes
configure:2704: checking for a thread-safe mkdir -p
configure:2743: result: /usr/bin/mkdir -p
configure:2756: checking for gawk
configure:2772: found /usr/bin/gawk
configure:2783: result: gawk
configure:2794: checking whether make sets $(MAKE)
configure:2816: result: yes
configure:2897: checking whether make sets $(MAKE)
configure:2919: result: yes
configure:2967: checking for style of include used by make
configure:2995: result: GNU
configure:3065: checking for gcc
configure:3081: found /usr/bin/gcc
configure:3092: result: gcc
configure:3321: checking for C compiler version
configure:3330: gcc --version >&5
gcc (GCC) 4.8.3 20140911 (Red Hat 4.8.3-9)
Copyright (C) 2013 Free Software Foundation, Inc.
This is free software; see the source for copying conditions.  There is NO
warranty; not even for MERCHANTABILITY or FITNESS FOR A PARTICULAR PURPOSE.

configure:3341: $? = 0
configure:3330: gcc -v >&5
Using built-in specs.
COLLECT_GCC=gcc
COLLECT_LTO_WRAPPER=/usr/libexec/gcc/x86_64-redhat-linux/4.8.3/lto-wrapper
Target: x86_64-redhat-linux
Configured with: ../configure --prefix=/usr --mandir=/usr/share/man --infodir=/usr/share/info --with-bugurl=http://bugzilla.redhat.com/bugzilla --enable-bootstrap --enable-shared --enable-threads=posix --enable-checking=release --with-system-zlib --enable-__cxa_atexit --disable-libunwind-exceptions --enable-gnu-unique-object --enable-linker-build-id --with-linker-hash-style=gnu --enable-languages=c,c++,objc,obj-c++,java,fortran,ada,go,lto --enable-plugin --enable-initfini-array --disable-libgcj --with-isl=/builddir/build/BUILD/gcc-4.8.3-20140911/obj-x86_64-redhat-linux/isl-install --with-cloog=/builddir/build/BUILD/gcc-4.8.3-20140911/obj-x86_64-redhat-linux/cloog-install --enable-gnu-indirect-function --with-tune=generic --with-arch_32=x86-64 --build=x86_64-redhat-linux
Thread model: posix
gcc version 4.8.3 20140911 (Red Hat 4.8.3-9) (GCC) 
configure:3341: $? = 0
configure:3330: gcc -V >&5
gcc: error: unrecognized command line option '-V'
gcc: fatal error: no input files
compilation terminated.
configure:3341: $? = 4
configure:3330: gcc -qversion >&5
gcc: error: unrecognized command line option '-qversion'
gcc: fatal error: no input files
compilation terminated.
configure:3341: $? = 4
configure:3361: checking whether the C compiler works
configure:3383: gcc    conftest.c  >&5
configure:3387: $? = 0
configure:3435: result: yes
configure:3438: checking for C compiler default output file name
configure:3440: result: a.out
configure:3446: checking for suffix of executables
configure:3453: gcc -o conftest    conftest.c  >&5
configure:3457: $? = 0
configure:3479: result: 
configure:3501: checking whether we are cross compiling
configure:3509: gcc -o conftest    conftest.c  >&5
configure:3513: $? = 0
configure:3520: ./conftest
configure:3524: $? = 0
configure:3539: result: no
configure:3544: checking for suffix of object files
configure:3566: gcc -c   conftest.c >&5
configure:3570: $? = 0
configure:3591: result: o
configure:3595: checking whether we are using the GNU C compiler
configure:3614: gcc -c   conftest.c >&5
configure:3614: $? = 0
configure:3623: result: yes
configure:3632: checking whether gcc accepts -g
configure:3652: gcc -c -g  conftest.c >&5
configure:3652: $? = 0
configure:3693: result: yes
configure:3710: checking for gcc option to accept ISO C89
configure:3773: gcc  -c -g -O2  conftest.c >&5
configure:3773: $? = 0
configure:3786: result: none needed
configure:3808: checking dependency style of gcc
configure:3918: result: gcc3
configure:3939: checking how to run the C preprocessor
configure:3970: gcc -E  conftest.c
configure:3970: $? = 0
configure:3984: gcc -E  conftest.c
conftest.c:11:28: fatal error: ac_nonexistent.h: No such file or directory
 #include <ac_nonexistent.h>
                            ^
compilation terminated.
configure:3984: $? = 1
configure: failed program was:
| /* confdefs.h */
| #define PACKAGE_NAME "json-c"
| #define PACKAGE_TARNAME "json-c"
| #define PACKAGE_VERSION "0.11"
| #define PACKAGE_STRING "json-c 0.11"
| #define PACKAGE_BUGREPORT "json-c@googlegroups.com"
| #define PACKAGE_URL ""
| #define PACKAGE "json-c"
| #define VERSION "0.11"
| /* end confdefs.h.  */
| #include <ac_nonexistent.h>
configure:4009: result: gcc -E
configure:4029: gcc -E  conftest.c
configure:4029: $? = 0
configure:4043: gcc -E  conftest.c
conftest.c:11:28: fatal error: ac_nonexistent.h: No such file or directory
 #include <ac_nonexistent.h>
                            ^
compilation terminated.
configure:4043: $? = 1
configure: failed program was:
| /* confdefs.h */
| #define PACKAGE_NAME "json-c"
| #define PACKAGE_TARNAME "json-c"
| #define PACKAGE_VERSION "0.11"
| #define PACKAGE_STRING "json-c 0.11"
| #define PACKAGE_BUGREPORT "json-c@googlegroups.com"
| #define PACKAGE_URL ""
| #define PACKAGE "json-c"
| #define VERSION "0.11"
| /* end confdefs.h.  */
| #include <ac_nonexistent.h>
configure:4072: checking for grep that handles long lines and -e
configure:4130: result: /usr/bin/grep
configure:4135: checking for egrep
configure:4197: result: /usr/bin/grep -E
configure:4202: checking for ANSI C header files
configure:4222: gcc -c -g -O2  conftest.c >&5
configure:4222: $? = 0
configure:4295: gcc -o conftest -g -O2   conftest.c  >&5
configure:4295: $? = 0
configure:4295: ./conftest
configure:4295: $? = 0
configure:4306: result: yes
configure:4319: checking for sys/types.h
configure:4319: gcc -c -g -O2  conftest.c >&5
configure:4319: $? = 0
configure:4319: result: yes
configure:4319: checking for sys/stat.h
configure:4319: gcc -c -g -O2  conftest.c >&5
configure:4319: $? = 0
configure:4319: result: yes
configure:4319: checking for stdlib.h
configure:4319: gcc -c -g -O2  conftest.c >&5
configure:4319: $? = 0
configure:4319: result: yes
configure:4319: checking for string.h
configure:4319: gcc -c -g -O2  conftest.c >&5
configure:4319: $? = 0
configure:4319: result: yes
configure:4319: checking for memory.h
configure:4319: gcc -c -g -O2  conftest.c >&5
configure:4319: $? = 0
configure:4319: result: yes
configure:4319: checking for strings.h
configure:4319: gcc -c -g -O2  conftest.c >&5
configure:4319: $? = 0
configure:4319: result: yes
configure:4319: checking for inttypes.h
configure:4319: gcc -c -g -O2  conftest.c >&5
configure:4319: $? = 0
configure:4319: result: yes
configure:4319: checking for stdint.h
configure:4319: gcc -c -g -O2  conftest.c >&5
configure:4319: $? = 0
configure:4319: result: yes
configure:4319: checking for unistd.h
configure:4319: gcc -c -g -O2  conftest.c >&5
configure:4319: $? = 0
configure:4319: result: yes
configure:4334: checking fcntl.h usability
configure:4334: gcc -c -g -O2  conftest.c >&5
configure:4334: $? = 0
configure:4334: result: yes
configure:4334: checking fcntl.h presence
configure:4334: gcc -E  conftest.c
configure:4334: $? = 0
configure:4334: result: yes
configure:4334: checking for fcntl.h
configure:4334: result: yes
configure:4334: checking limits.h usability
configure:4334: gcc -c -g -O2  conftest.c >&5
configure:4334: $? = 0
configure:4334: result: yes
configure:4334: checking limits.h presence
configure:4334: gcc -E  conftest.c
configure:4334: $? = 0
configure:4334: result: yes
configure:4334: checking for limits.h
configure:4334: result: yes
configure:4334: checking for strings.h
configure:4334: result: yes
configure:4334: checking syslog.h usability
configure:4334: gcc -c -g -O2  conftest.c >&5
configure:4334: $? = 0
configure:4334: result: yes
configure:4334: checking syslog.h presence
configure:4334: gcc -E  conftest.c
configure:4334: $? = 0
configure:4334: result: yes
configure:4334: checking for syslog.h
configure:4334: result: yes
configure:4334: checking for unistd.h
configure:4334: result: yes
configure:4334: checking sys/cdefs.h usability
configure:4334: gcc -c -g -O2  conftest.c >&5
configure:4334: $? = 0
configure:4334: result: yes
configure:4334: checking sys/cdefs.h presence
configure:4334: gcc -E  conftest.c
configure:4334: $? = 0
configure:4334: result: yes
configure:4334: checking for sys/cdefs.h
configure:4334: result: yes
configure:4334: checking sys/param.h usability
configure:4334: gcc -c -g -O2  conftest.c >&5
configure:4334: $? = 0
configure:4334: result: yes
configure:4334: checking sys/param.h presence
configure:4334: gcc -E  conftest.c
configure:4334: $? = 0
configure:4334: result: yes
configure:4334: checking for sys/param.h
configure:4334: result: yes
configure:4334: checking stdarg.h usability
configure:4334: gcc -c -g -O2  conftest.c >&5
configure:4334: $? = 0
configure:4334: result: yes
configure:4334: checking stdarg.h presence
configure:4334: gcc -E  conftest.c
configure:4334: $? = 0
configure:4334: result: yes
configure:4334: checking for stdarg.h
configure:4334: result: yes
configure:4334: checking locale.h usability
configure:4334: gcc -c -g -O2  conftest.c >&5
configure:4334: $? = 0
configure:4334: result: yes
configure:4334: checking locale.h presence
configure:4334: gcc -E  conftest.c
configure:4334: $? = 0
configure:4334: result: yes
configure:4334: checking for locale.h
configure:4334: result: yes
configure:4344: checking for inttypes.h
configure:4344: result: yes
configure:4354: checking for an ANSI C-conforming const
configure:4420: gcc -c -g -O2  conftest.c >&5
configure:4420: $? = 0
configure:4427: result: yes
configure:4435: checking for size_t
configure:4435: gcc -c -g -O2  conftest.c >&5
configure:4435: $? = 0
configure:4435: gcc -c -g -O2  conftest.c >&5
conftest.c: In function 'main':
conftest.c:67:21: error: expected expression before ')' token
 if (sizeof ((size_t)))
                     ^
configure:4435: $? = 1
configure: failed program was:
| /* confdefs.h */
| #define PACKAGE_NAME "json-c"
| #define PACKAGE_TARNAME "json-c"
| #define PACKAGE_VERSION "0.11"
| #define PACKAGE_STRING "json-c 0.11"
| #define PACKAGE_BUGREPORT "json-c@googlegroups.com"
| #define PACKAGE_URL ""
| #define PACKAGE "json-c"
| #define VERSION "0.11"
| #define STDC_HEADERS 1
| #define HAVE_SYS_TYPES_H 1
| #define HAVE_SYS_STAT_H 1
| #define HAVE_STDLIB_H 1
| #define HAVE_STRING_H 1
| #define HAVE_MEMORY_H 1
| #define HAVE_STRINGS_H 1
| #define HAVE_INTTYPES_H 1
| #define HAVE_STDINT_H 1
| #define HAVE_UNISTD_H 1
| #define HAVE_FCNTL_H 1
| #define HAVE_LIMITS_H 1
| #define HAVE_STRINGS_H 1
| #define HAVE_SYSLOG_H 1
| #define HAVE_UNISTD_H 1
| #define HAVE_SYS_CDEFS_H 1
| #define HAVE_SYS_PARAM_H 1
| #define HAVE_STDARG_H 1
| #define HAVE_LOCALE_H 1
| #define JSON_C_HAVE_INTTYPES_H 1
| /* end confdefs.h.  */
| #include <stdio.h>
| #ifdef HAVE_SYS_TYPES_H
| # include <sys/types.h>
| #endif
| #ifdef HAVE_SYS_STAT_H
| # include <sys/stat.h>
| #endif
| #ifdef STDC_HEADERS
| # include <stdlib.h>
| # include <stddef.h>
| #else
| # ifdef HAVE_STDLIB_H
| #  include <stdlib.h>
| # endif
| #endif
| #ifdef HAVE_STRING_H
| # if !defined STDC_HEADERS && defined HAVE_MEMORY_H
| #  include <memory.h>
| # endif
| # include <string.h>
| #endif
| #ifdef HAVE_STRINGS_H
| # include <strings.h>
| #endif
| #ifdef HAVE_INTTYPES_H
| # include <inttypes.h>
| #endif
| #ifdef HAVE_STDINT_H
| # include <stdint.h>
| #endif
| #ifdef HAVE_UNISTD_H
| # include <unistd.h>
| #endif
| int
| main ()
| {
| if (sizeof ((size_t)))
| 	    return 0;
|   ;
|   return 0;
| }
configure:4435: result: yes
configure:4450: checking for vprintf
configure:4450: gcc -o conftest -g -O2   conftest.c  >&5
conftest.c:54:6: warning: conflicting types for built-in function 'vprintf' [enabled by default]
 char vprintf ();
      ^
configure:4450: $? = 0
configure:4450: result: yes
configure:4456: checking for _doprnt
configure:4456: gcc -o conftest -g -O2   conftest.c  >&5
/tmp/cc1kB5tN.o: In function `main':
/home/hcjeon/working_dir/installer/agens-sql/json-c-0.11/conftest.c:66: undefined reference to `_doprnt'
collect2: error: ld returned 1 exit status
configure:4456: $? = 1
configure: failed program was:
| /* confdefs.h */
| #define PACKAGE_NAME "json-c"
| #define PACKAGE_TARNAME "json-c"
| #define PACKAGE_VERSION "0.11"
| #define PACKAGE_STRING "json-c 0.11"
| #define PACKAGE_BUGREPORT "json-c@googlegroups.com"
| #define PACKAGE_URL ""
| #define PACKAGE "json-c"
| #define VERSION "0.11"
| #define STDC_HEADERS 1
| #define HAVE_SYS_TYPES_H 1
| #define HAVE_SYS_STAT_H 1
| #define HAVE_STDLIB_H 1
| #define HAVE_STRING_H 1
| #define HAVE_MEMORY_H 1
| #define HAVE_STRINGS_H 1
| #define HAVE_INTTYPES_H 1
| #define HAVE_STDINT_H 1
| #define HAVE_UNISTD_H 1
| #define HAVE_FCNTL_H 1
| #define HAVE_LIMITS_H 1
| #define HAVE_STRINGS_H 1
| #define HAVE_SYSLOG_H 1
| #define HAVE_UNISTD_H 1
| #define HAVE_SYS_CDEFS_H 1
| #define HAVE_SYS_PARAM_H 1
| #define HAVE_STDARG_H 1
| #define HAVE_LOCALE_H 1
| #define JSON_C_HAVE_INTTYPES_H 1
| #define HAVE_VPRINTF 1
| /* end confdefs.h.  */
| /* Define _doprnt to an innocuous variant, in case <limits.h> declares _doprnt.
|    For example, HP-UX 11i <limits.h> declares gettimeofday.  */
| #define _doprnt innocuous__doprnt
| 
| /* System header to define __stub macros and hopefully few prototypes,
|     which can conflict with char _doprnt (); below.
|     Prefer <limits.h> to <assert.h> if __STDC__ is defined, since
|     <limits.h> exists even on freestanding compilers.  */
| 
| #ifdef __STDC__
| # include <limits.h>
| #else
| # include <assert.h>
| #endif
| 
| #undef _doprnt
| 
| /* Override any GCC internal prototype to avoid an error.
|    Use char because int might match the return type of a GCC
|    builtin and then its argument prototype would still apply.  */
| #ifdef __cplusplus
| extern "C"
| #endif
| char _doprnt ();
| /* The GNU C library defines this for functions which it implements
|     to always fail with ENOSYS.  Some functions are actually named
|     something starting with __ and the normal name is an alias.  */
| #if defined __stub__doprnt || defined __stub____doprnt
| choke me
| #endif
| 
| int
| main ()
| {
| return _doprnt ();
|   ;
|   return 0;
| }
configure:4456: result: no
configure:4467: checking for working memcmp
configure:4510: gcc -o conftest -g -O2   conftest.c  >&5
configure:4510: $? = 0
configure:4510: ./conftest
configure:4510: $? = 0
configure:4520: result: yes
configure:4531: checking for stdlib.h
configure:4531: result: yes
configure:4541: checking for GNU libc compatible malloc
configure:4565: gcc -o conftest -g -O2   conftest.c  >&5
configure:4565: $? = 0
configure:4565: ./conftest
configure:4565: $? = 0
configure:4575: result: yes
configure:4598: checking for stdlib.h
configure:4598: result: yes
configure:4608: checking for GNU libc compatible realloc
configure:4632: gcc -o conftest -g -O2   conftest.c  >&5
configure:4632: $? = 0
configure:4632: ./conftest
configure:4632: $? = 0
configure:4642: result: yes
configure:4666: checking for strcasecmp
configure:4666: gcc -o conftest -g -O2   conftest.c  >&5
conftest.c:59:6: warning: conflicting types for built-in function 'strcasecmp' [enabled by default]
 char strcasecmp ();
      ^
configure:4666: $? = 0
configure:4666: result: yes
configure:4666: checking for strdup
configure:4666: gcc -o conftest -g -O2   conftest.c  >&5
conftest.c:60:6: warning: conflicting types for built-in function 'strdup' [enabled by default]
 char strdup ();
      ^
configure:4666: $? = 0
configure:4666: result: yes
configure:4666: checking for strndup
configure:4666: gcc -o conftest -g -O2   conftest.c  >&5
conftest.c:61:6: warning: conflicting types for built-in function 'strndup' [enabled by default]
 char strndup ();
      ^
configure:4666: $? = 0
configure:4666: result: yes
configure:4666: checking for strerror
configure:4666: gcc -o conftest -g -O2   conftest.c  >&5
configure:4666: $? = 0
configure:4666: result: yes
configure:4666: checking for snprintf
configure:4666: gcc -o conftest -g -O2   conftest.c  >&5
conftest.c:63:6: warning: conflicting types for built-in function 'snprintf' [enabled by default]
 char snprintf ();
      ^
configure:4666: $? = 0
configure:4666: result: yes
configure:4666: checking for vsnprintf
configure:4666: gcc -o conftest -g -O2   conftest.c  >&5
conftest.c:64:6: warning: conflicting types for built-in function 'vsnprintf' [enabled by default]
 char vsnprintf ();
      ^
configure:4666: $? = 0
configure:4666: result: yes
configure:4666: checking for vasprintf
configure:4666: gcc -o conftest -g -O2   conftest.c  >&5
configure:4666: $? = 0
configure:4666: result: yes
configure:4666: checking for open
configure:4666: gcc -o conftest -g -O2   conftest.c  >&5
configure:4666: $? = 0
configure:4666: result: yes
configure:4666: checking for vsyslog
configure:4666: gcc -o conftest -g -O2   conftest.c  >&5
configure:4666: $? = 0
configure:4666: result: yes
configure:4666: checking for strncasecmp
configure:4666: gcc -o conftest -g -O2   conftest.c  >&5
conftest.c:68:6: warning: conflicting types for built-in function 'strncasecmp' [enabled by default]
 char strncasecmp ();
      ^
configure:4666: $? = 0
configure:4666: result: yes
configure:4666: checking for setlocale
configure:4666: gcc -o conftest -g -O2   conftest.c  >&5
configure:4666: $? = 0
configure:4666: result: yes
configure:4684: checking if .gnu.warning accepts long strings
configure:4695: gcc -o conftest -g -O2   conftest.c  >&5
/tmp/ccTnx1AZ.s: Assembler messages:
/tmp/ccTnx1AZ.s:5: Error: character following name is not '#'
configure:4695: $? = 1
configure: failed program was:
| /* confdefs.h */
| #define PACKAGE_NAME "json-c"
| #define PACKAGE_TARNAME "json-c"
| #define PACKAGE_VERSION "0.11"
| #define PACKAGE_STRING "json-c 0.11"
| #define PACKAGE_BUGREPORT "json-c@googlegroups.com"
| #define PACKAGE_URL ""
| #define PACKAGE "json-c"
| #define VERSION "0.11"
| #define STDC_HEADERS 1
| #define HAVE_SYS_TYPES_H 1
| #define HAVE_SYS_STAT_H 1
| #define HAVE_STDLIB_H 1
| #define HAVE_STRING_H 1
| #define HAVE_MEMORY_H 1
| #define HAVE_STRINGS_H 1
| #define HAVE_INTTYPES_H 1
| #define HAVE_STDINT_H 1
| #define HAVE_UNISTD_H 1
| #define HAVE_FCNTL_H 1
| #define HAVE_LIMITS_H 1
| #define HAVE_STRINGS_H 1
| #define HAVE_SYSLOG_H 1
| #define HAVE_UNISTD_H 1
| #define HAVE_SYS_CDEFS_H 1
| #define HAVE_SYS_PARAM_H 1
| #define HAVE_STDARG_H 1
| #define HAVE_LOCALE_H 1
| #define JSON_C_HAVE_INTTYPES_H 1
| #define HAVE_VPRINTF 1
| #define HAVE_STDLIB_H 1
| #define HAVE_MALLOC 1
| #define HAVE_STDLIB_H 1
| #define HAVE_REALLOC 1
| #define HAVE_STRCASECMP 1
| #define HAVE_STRDUP 1
| #define HAVE_STRNDUP 1
| #define HAVE_STRERROR 1
| #define HAVE_SNPRINTF 1
| #define HAVE_VSNPRINTF 1
| #define HAVE_VASPRINTF 1
| #define HAVE_OPEN 1
| #define HAVE_VSYSLOG 1
| #define HAVE_STRNCASECMP 1
| #define HAVE_SETLOCALE 1
| /* end confdefs.h.  */
| 
| extern void json_object_get();
| __asm__(".section .gnu.json_object_get,\n\t.ascii \"Please link against libjson-c instead of libjson\"\n\t.text");
| 
| int main(int c,char* v) {return 0;}
| 
configure:4705: result: no
configure:4748: checking build system type
configure:4762: result: x86_64-unknown-linux-gnu
configure:4782: checking host system type
configure:4795: result: x86_64-unknown-linux-gnu
configure:4815: checking for a sed that does not truncate output
configure:4879: result: /usr/bin/sed
configure:4897: checking for fgrep
configure:4959: result: /usr/bin/grep -F
configure:4994: checking for ld used by gcc
configure:5061: result: /usr/bin/ld
configure:5068: checking if the linker (/usr/bin/ld) is GNU ld
configure:5083: result: yes
configure:5095: checking for BSD- or MS-compatible name lister (nm)
configure:5144: result: /usr/bin/nm -B
configure:5262: checking the name lister (/usr/bin/nm -B) interface
configure:5269: gcc -c -g -O2  conftest.c >&5
configure:5272: /usr/bin/nm -B "conftest.o"
configure:5275: output
0000000000000000 B some_variable
configure:5282: result: BSD nm
configure:5285: checking whether ln -s works
configure:5289: result: yes
configure:5297: checking the maximum length of command line arguments
configure:5417: result: 1572864
configure:5434: checking whether the shell understands some XSI constructs
configure:5444: result: yes
configure:5448: checking whether the shell understands "+="
configure:5454: result: yes
configure:5489: checking for /usr/bin/ld option to reload object files
configure:5496: result: -r
configure:5565: checking for objdump
configure:5581: found /usr/bin/objdump
configure:5592: result: objdump
configure:5624: checking how to recognize dependent libraries
configure:5820: result: pass_all
configure:5880: checking for ar
configure:5896: found /usr/bin/ar
configure:5907: result: ar
configure:5985: checking for strip
configure:6001: found /usr/bin/strip
configure:6012: result: strip
configure:6084: checking for ranlib
configure:6100: found /usr/bin/ranlib
configure:6111: result: ranlib
configure:6201: checking command to parse /usr/bin/nm -B output from gcc object
configure:6319: gcc -c -g -O2  conftest.c >&5
configure:6322: $? = 0
configure:6326: /usr/bin/nm -B conftest.o \| sed -n -e 's/^.*[	 ]\([ABCDGIRSTW][ABCDGIRSTW]*\)[	 ][	 ]*\([_A-Za-z][_A-Za-z0-9]*\)$/\1 \2 \2/p' \> conftest.nm
configure:6329: $? = 0
configure:6383: gcc -o conftest -g -O2   conftest.c conftstm.o >&5
configure:6386: $? = 0
configure:6424: result: ok
configure:6519: gcc -c -g -O2  conftest.c >&5
configure:6522: $? = 0
configure:7229: checking for dlfcn.h
configure:7229: gcc -c -g -O2  conftest.c >&5
configure:7229: $? = 0
configure:7229: result: yes
configure:7413: checking for objdir
configure:7428: result: .libs
configure:7720: checking if gcc supports -fno-rtti -fno-exceptions
configure:7738: gcc -c -g -O2  -fno-rtti -fno-exceptions conftest.c >&5
cc1: warning: command line option '-fno-rtti' is valid for C++/ObjC++ but not for C [enabled by default]
configure:7742: $? = 0
configure:7755: result: no
configure:7775: checking for gcc option to produce PIC
configure:8047: result: -fPIC -DPIC
configure:8059: checking if gcc PIC flag -fPIC -DPIC works
configure:8077: gcc -c -g -O2  -fPIC -DPIC -DPIC conftest.c >&5
configure:8081: $? = 0
configure:8094: result: yes
configure:8118: checking if gcc static flag -static works
configure:8146: result: no
configure:8161: checking if gcc supports -c -o file.o
configure:8182: gcc -c -g -O2  -o out/conftest2.o conftest.c >&5
configure:8186: $? = 0
configure:8208: result: yes
configure:8216: checking if gcc supports -c -o file.o
configure:8263: result: yes
configure:8296: checking whether the gcc linker (/usr/bin/ld -m elf_x86_64) supports shared libraries
configure:9283: result: yes
configure:9320: checking whether -lc should be explicitly linked in
configure:9325: gcc -c -g -O2  conftest.c >&5
configure:9328: $? = 0
configure:9343: gcc -shared conftest.o  -v -Wl,-soname -Wl,conftest -o conftest 2\>\&1 \| /usr/bin/grep  -lc  \>/dev/null 2\>\&1
configure:9346: $? = 0
configure:9358: result: no
configure:9522: checking dynamic linker characteristics
configure:9955: gcc -o conftest -g -O2   -Wl,-rpath -Wl,/foo conftest.c  >&5
configure:9955: $? = 0
configure:10173: result: GNU/Linux ld.so
configure:10275: checking how to hardcode library paths into programs
configure:10300: result: immediate
configure:10820: checking whether stripping libraries is possible
configure:10825: result: yes
configure:10860: checking if libtool supports shared libraries
configure:10862: result: yes
configure:10865: checking whether to build shared libraries
configure:10886: result: yes
configure:10889: checking whether to build static libraries
configure:10893: result: yes
configure:11066: creating ./config.status

## ---------------- ##
## Cache variables. ##
## ---------------- ##

ac_cv_build=x86_64-unknown-linux-gnu
ac_cv_c_compiler_gnu=yes
ac_cv_c_const=yes
ac_cv_env_CC_set=
ac_cv_env_CC_value=
ac_cv_env_CFLAGS_set=
ac_cv_env_CFLAGS_value=
ac_cv_env_CPPFLAGS_set=
ac_cv_env_CPPFLAGS_value=
ac_cv_env_CPP_set=
ac_cv_env_CPP_value=
ac_cv_env_LDFLAGS_set=
ac_cv_env_LDFLAGS_value=
ac_cv_env_LIBS_set=
ac_cv_env_LIBS_value=
ac_cv_env_build_alias_set=
ac_cv_env_build_alias_value=
ac_cv_env_host_alias_set=
ac_cv_env_host_alias_value=
ac_cv_env_target_alias_set=
ac_cv_env_target_alias_value=
ac_cv_func__doprnt=no
ac_cv_func_malloc_0_nonnull=yes
ac_cv_func_memcmp_working=yes
ac_cv_func_open=yes
ac_cv_func_realloc_0_nonnull=yes
ac_cv_func_setlocale=yes
ac_cv_func_snprintf=yes
ac_cv_func_strcasecmp=yes
ac_cv_func_strdup=yes
ac_cv_func_strerror=yes
ac_cv_func_strncasecmp=yes
ac_cv_func_strndup=yes
ac_cv_func_vasprintf=yes
ac_cv_func_vprintf=yes
ac_cv_func_vsnprintf=yes
ac_cv_func_vsyslog=yes
ac_cv_header_dlfcn_h=yes
ac_cv_header_fcntl_h=yes
ac_cv_header_inttypes_h=yes
ac_cv_header_limits_h=yes
ac_cv_header_locale_h=yes
ac_cv_header_memory_h=yes
ac_cv_header_stdarg_h=yes
ac_cv_header_stdc=yes
ac_cv_header_stdint_h=yes
ac_cv_header_stdlib_h=yes
ac_cv_header_string_h=yes
ac_cv_header_strings_h=yes
ac_cv_header_sys_cdefs_h=yes
ac_cv_header_sys_param_h=yes
ac_cv_header_sys_stat_h=yes
ac_cv_header_sys_types_h=yes
ac_cv_header_syslog_h=yes
ac_cv_header_unistd_h=yes
ac_cv_host=x86_64-unknown-linux-gnu
ac_cv_objext=o
ac_cv_path_EGREP='/usr/bin/grep -E'
ac_cv_path_FGREP='/usr/bin/grep -F'
ac_cv_path_GREP=/usr/bin/grep
ac_cv_path_SED=/usr/bin/sed
ac_cv_path_install='/usr/bin/install -c'
ac_cv_path_mkdir=/usr/bin/mkdir
ac_cv_prog_AWK=gawk
ac_cv_prog_CPP='gcc -E'
ac_cv_prog_ac_ct_AR=ar
ac_cv_prog_ac_ct_CC=gcc
ac_cv_prog_ac_ct_OBJDUMP=objdump
ac_cv_prog_ac_ct_RANLIB=ranlib
ac_cv_prog_ac_ct_STRIP=strip
ac_cv_prog_cc_c89=
ac_cv_prog_cc_g=yes
ac_cv_prog_make_make_set=yes
ac_cv_type_size_t=yes
am_cv_CC_dependencies_compiler_type=gcc3
lt_cv_deplibs_check_method=pass_all
lt_cv_file_magic_cmd='$MAGIC_CMD'
lt_cv_file_magic_test_file=
lt_cv_ld_reload_flag=-r
lt_cv_nm_interface='BSD nm'
lt_cv_objdir=.libs
lt_cv_path_LD=/usr/bin/ld
lt_cv_path_NM='/usr/bin/nm -B'
lt_cv_prog_compiler_c_o=yes
lt_cv_prog_compiler_pic_works=yes
lt_cv_prog_compiler_rtti_exceptions=no
lt_cv_prog_compiler_static_works=no
lt_cv_prog_gnu_ld=yes
lt_cv_sys_global_symbol_pipe='sed -n -e '\''s/^.*[	 ]\([ABCDGIRSTW][ABCDGIRSTW]*\)[	 ][	 ]*\([_A-Za-z][_A-Za-z0-9]*\)$/\1 \2 \2/p'\'''
lt_cv_sys_global_symbol_to_c_name_address='sed -n -e '\''s/^: \([^ ]*\) $/  {\"\1\", (void *) 0},/p'\'' -e '\''s/^[ABCDGIRSTW]* \([^ ]*\) \([^ ]*\)$/  {"\2", (void *) \&\2},/p'\'''
lt_cv_sys_global_symbol_to_c_name_address_lib_prefix='sed -n -e '\''s/^: \([^ ]*\) $/  {\"\1\", (void *) 0},/p'\'' -e '\''s/^[ABCDGIRSTW]* \([^ ]*\) \(lib[^ ]*\)$/  {"\2", (void *) \&\2},/p'\'' -e '\''s/^[ABCDGIRSTW]* \([^ ]*\) \([^ ]*\)$/  {"lib\2", (void *) \&\2},/p'\'''
lt_cv_sys_global_symbol_to_cdecl='sed -n -e '\''s/^T .* \(.*\)$/extern int \1();/p'\'' -e '\''s/^[ABCDGIRSTW]* .* \(.*\)$/extern char \1;/p'\'''
lt_cv_sys_max_cmd_len=1572864

## ----------------- ##
## Output variables. ##
## ----------------- ##

ACLOCAL='${SHELL} /home/hcjeon/working_dir/installer/agens-sql/json-c-0.11/missing --run aclocal-1.11'
AMDEPBACKSLASH='\'
AMDEP_FALSE='#'
AMDEP_TRUE=''
AMTAR='${SHELL} /home/hcjeon/working_dir/installer/agens-sql/json-c-0.11/missing --run tar'
AR='ar'
AUTOCONF='${SHELL} /home/hcjeon/working_dir/installer/agens-sql/json-c-0.11/missing --run autoconf'
AUTOHEADER='${SHELL} /home/hcjeon/working_dir/installer/agens-sql/json-c-0.11/missing --run autoheader'
AUTOMAKE='${SHELL} /home/hcjeon/working_dir/installer/agens-sql/json-c-0.11/missing --run automake-1.11'
AWK='gawk'
CC='gcc'
CCDEPMODE='depmode=gcc3'
CFLAGS='-g -O2'
CPP='gcc -E'
CPPFLAGS=''
CYGPATH_W='echo'
DEFS='-DHAVE_CONFIG_H'
DEPDIR='.deps'
DSYMUTIL=''
DUMPBIN=''
ECHO_C=''
ECHO_N='-n'
ECHO_T=''
EGREP='/usr/bin/grep -E'
ENABLE_OLDNAME_COMPAT_FALSE='#'
ENABLE_OLDNAME_COMPAT_TRUE=''
EXEEXT=''
FGREP='/usr/bin/grep -F'
GREP='/usr/bin/grep'
INSTALL_DATA='${INSTALL} -m 644'
INSTALL_PROGRAM='${INSTALL}'
INSTALL_SCRIPT='${INSTALL}'
INSTALL_STRIP_PROGRAM='$(install_sh) -c -s'
LD='/usr/bin/ld -m elf_x86_64'
LDFLAGS=''
LIBOBJS=''
LIBS=''
LIBTOOL='$(SHELL) $(top_builddir)/libtool'
LIPO=''
LN_S='ln -s'
LTLIBOBJS=''
MAKEINFO='${SHELL} /home/hcjeon/working_dir/installer/agens-sql/json-c-0.11/missing --run makeinfo'
MKDIR_P='/usr/bin/mkdir -p'
NM='/usr/bin/nm -B'
NMEDIT=''
OBJDUMP='objdump'
OBJEXT='o'
OTOOL64=''
OTOOL=''
PACKAGE='json-c'
PACKAGE_BUGREPORT='json-c@googlegroups.com'
PACKAGE_NAME='json-c'
PACKAGE_STRING='json-c 0.11'
PACKAGE_TARNAME='json-c'
PACKAGE_URL=''
PACKAGE_VERSION='0.11'
PATH_SEPARATOR=':'
RANLIB='ranlib'
SED='/usr/bin/sed'
SET_MAKE=''
SHELL='/bin/sh'
STRIP='strip'
VERSION='0.11'
ac_ct_CC='gcc'
ac_ct_DUMPBIN=''
am__EXEEXT_FALSE=''
am__EXEEXT_TRUE='#'
am__fastdepCC_FALSE='#'
am__fastdepCC_TRUE=''
am__include='include'
am__isrc=''
am__leading_dot='.'
am__quote=''
am__tar='${AMTAR} chof - "$$tardir"'
am__untar='${AMTAR} xf -'
bindir='${exec_prefix}/bin'
build='x86_64-unknown-linux-gnu'
build_alias=''
build_cpu='x86_64'
build_os='linux-gnu'
build_vendor='unknown'
datadir='${datarootdir}'
datarootdir='${prefix}/share'
docdir='${datarootdir}/doc/${PACKAGE_TARNAME}'
dvidir='${docdir}'
exec_prefix='${prefix}'
host='x86_64-unknown-linux-gnu'
host_alias=''
host_cpu='x86_64'
host_os='linux-gnu'
host_vendor='unknown'
htmldir='${docdir}'
includedir='${prefix}/include'
infodir='${datarootdir}/info'
install_sh='${SHELL} /home/hcjeon/working_dir/installer/agens-sql/json-c-0.11/install-sh'
libdir='${exec_prefix}/lib'
libexecdir='${exec_prefix}/libexec'
localedir='${datarootdir}/locale'
localstatedir='${prefix}/var'
lt_ECHO='echo'
mandir='${datarootdir}/man'
mkdir_p='/usr/bin/mkdir -p'
oldincludedir='/usr/include'
pdfdir='${docdir}'
prefix='/home/hcjeon/working_dir/installer/agens-sql/agens_temp/json-c'
program_transform_name='s,x,x,'
psdir='${docdir}'
sbindir='${exec_prefix}/sbin'
sharedstatedir='${prefix}/com'
sysconfdir='${prefix}/etc'
target_alias=''

## ----------- ##
## confdefs.h. ##
## ----------- ##

/* confdefs.h */
#define PACKAGE_NAME "json-c"
#define PACKAGE_TARNAME "json-c"
#define PACKAGE_VERSION "0.11"
#define PACKAGE_STRING "json-c 0.11"
#define PACKAGE_BUGREPORT "json-c@googlegroups.com"
#define PACKAGE_URL ""
#define PACKAGE "json-c"
#define VERSION "0.11"
#define STDC_HEADERS 1
#define HAVE_SYS_TYPES_H 1
#define HAVE_SYS_STAT_H 1
#define HAVE_STDLIB_H 1
#define HAVE_STRING_H 1
#define HAVE_MEMORY_H 1
#define HAVE_STRINGS_H 1
#define HAVE_INTTYPES_H 1
#define HAVE_STDINT_H 1
#define HAVE_UNISTD_H 1
#define HAVE_FCNTL_H 1
#define HAVE_LIMITS_H 1
#define HAVE_STRINGS_H 1
#define HAVE_SYSLOG_H 1
#define HAVE_UNISTD_H 1
#define HAVE_SYS_CDEFS_H 1
#define HAVE_SYS_PARAM_H 1
#define HAVE_STDARG_H 1
#define HAVE_LOCALE_H 1
#define JSON_C_HAVE_INTTYPES_H 1
#define HAVE_VPRINTF 1
#define HAVE_STDLIB_H 1
#define HAVE_MALLOC 1
#define HAVE_STDLIB_H 1
#define HAVE_REALLOC 1
#define HAVE_STRCASECMP 1
#define HAVE_STRDUP 1
#define HAVE_STRNDUP 1
#define HAVE_STRERROR 1
#define HAVE_SNPRINTF 1
#define HAVE_VSNPRINTF 1
#define HAVE_VASPRINTF 1
#define HAVE_OPEN 1
#define HAVE_VSYSLOG 1
#define HAVE_STRNCASECMP 1
#define HAVE_SETLOCALE 1
#define HAVE_DLFCN_H 1
#define LT_OBJDIR ".libs/"

configure: exit 0

## ---------------------- ##
## Running config.status. ##
## ---------------------- ##

This file was extended by json-c config.status 0.11, which was
generated by GNU Autoconf 2.69.  Invocation command line was

  CONFIG_FILES    = 
  CONFIG_HEADERS  = 
  CONFIG_LINKS    = 
  CONFIG_COMMANDS = 
  $ ./config.status 

on hcjeon

config.status:1092: creating Makefile
config.status:1092: creating json.pc
config.status:1092: creating json-c.pc
config.status:1092: creating tests/Makefile
config.status:1092: creating json-c-uninstalled.pc
config.status:1092: creating config.h
config.status:1273: config.h is unchanged
config.status:1092: creating json_config.h
config.status:1273: json_config.h is unchanged
config.status:1321: executing depfiles commands
config.status:1321: executing libtool commands

## ---------------------- ##
## Running config.status. ##
## ---------------------- ##

This file was extended by json-c config.status 0.11, which was
generated by GNU Autoconf 2.69.  Invocation command line was

  CONFIG_FILES    = 
  CONFIG_HEADERS  = 
  CONFIG_LINKS    = 
  CONFIG_COMMANDS = 
  $ ./config.status config.h

on hcjeon

config.status:1092: creating config.h
config.status:1273: config.h is unchanged
